<?xml version="1.0" encoding="UTF-8"?>
<testng-results ignored="0" total="4" passed="4" failed="0" skipped="0">
  <reporter-output>
  </reporter-output>
  <suite started-at="2022-07-03T18:36:43 EET" name="Default suite" finished-at="2022-07-03T18:36:44 EET" duration-ms="1508">
    <groups>
    </groups>
    <test started-at="2022-07-03T18:36:43 EET" name="Default test" finished-at="2022-07-03T18:36:44 EET" duration-ms="1508">
      <class name="WK_ToDoChallenge.WK_ToDoChallenge.VerifyNegativeTests">
        <test-method is-config="true" signature="beforeTest()[pri:0, instance:WK_ToDoChallenge.WK_ToDoChallenge.VerifyNegativeTests@408a247c]" started-at="2022-07-03T18:36:43 EET" name="beforeTest" finished-at="2022-07-03T18:36:43 EET" duration-ms="21" status="PASS">
          <reporter-output>
          </reporter-output>
        </test-method> <!-- beforeTest -->
        <test-method signature="VerifyAddingEmptyItemNotAllowedTest()[pri:0, instance:WK_ToDoChallenge.WK_ToDoChallenge.VerifyNegativeTests@408a247c]" started-at="2022-07-03T18:36:43 EET" name="VerifyAddingEmptyItemNotAllowedTest" finished-at="2022-07-03T18:36:43 EET" duration-ms="169" status="PASS">
          <reporter-output>
          </reporter-output>
        </test-method> <!-- VerifyAddingEmptyItemNotAllowedTest -->
        <test-method signature="VerifyAddingSpacesOnlyItemNotAllowedTest()[pri:0, instance:WK_ToDoChallenge.WK_ToDoChallenge.VerifyNegativeTests@408a247c]" started-at="2022-07-03T18:36:43 EET" name="VerifyAddingSpacesOnlyItemNotAllowedTest" finished-at="2022-07-03T18:36:43 EET" duration-ms="117" status="PASS">
          <reporter-output>
          </reporter-output>
        </test-method> <!-- VerifyAddingSpacesOnlyItemNotAllowedTest -->
        <test-method signature="VerifyEditingAlreadyExisitingItemWithSpacesTest()[pri:0, instance:WK_ToDoChallenge.WK_ToDoChallenge.VerifyNegativeTests@408a247c]" started-at="2022-07-03T18:36:43 EET" name="VerifyEditingAlreadyExisitingItemWithSpacesTest" finished-at="2022-07-03T18:36:44 EET" duration-ms="735" status="PASS">
          <reporter-output>
          </reporter-output>
        </test-method> <!-- VerifyEditingAlreadyExisitingItemWithSpacesTest -->
        <test-method signature="VerifyTrimExtraSpacesTest()[pri:0, instance:WK_ToDoChallenge.WK_ToDoChallenge.VerifyNegativeTests@408a247c]" started-at="2022-07-03T18:36:44 EET" name="VerifyTrimExtraSpacesTest" finished-at="2022-07-03T18:36:44 EET" duration-ms="246" status="PASS">
          <reporter-output>
          </reporter-output>
        </test-method> <!-- VerifyTrimExtraSpacesTest -->
        <test-method is-config="true" signature="afterTest()[pri:0, instance:WK_ToDoChallenge.WK_ToDoChallenge.VerifyNegativeTests@408a247c]" started-at="2022-07-03T18:36:44 EET" name="afterTest" finished-at="2022-07-03T18:36:44 EET" duration-ms="189" status="PASS">
          <reporter-output>
          </reporter-output>
        </test-method> <!-- afterTest -->
      </class> <!-- WK_ToDoChallenge.WK_ToDoChallenge.VerifyNegativeTests -->
    </test> <!-- Default test -->
  </suite> <!-- Default suite -->
</testng-results>
