<?xml version="1.0" encoding="UTF-8"?>
<testng-results ignored="0" total="8" passed="8" failed="0" skipped="0">
  <reporter-output>
  </reporter-output>
  <suite started-at="2022-07-03T18:59:03 EET" name="Default suite" finished-at="2022-07-03T18:59:06 EET" duration-ms="3397">
    <groups>
    </groups>
    <test started-at="2022-07-03T18:59:03 EET" name="Default test" finished-at="2022-07-03T18:59:06 EET" duration-ms="3397">
      <class name="WK_ToDoChallenge.WK_ToDoChallenge.VerifyPostiveTests">
        <test-method is-config="true" signature="beforeTest()[pri:0, instance:WK_ToDoChallenge.WK_ToDoChallenge.VerifyPostiveTests@4ee33af7]" started-at="2022-07-03T18:59:03 EET" name="beforeTest" finished-at="2022-07-03T18:59:03 EET" duration-ms="0" status="PASS">
          <reporter-output>
          </reporter-output>
        </test-method> <!-- beforeTest -->
        <test-method signature="DeleteAllTest()[pri:0, instance:WK_ToDoChallenge.WK_ToDoChallenge.VerifyPostiveTests@4ee33af7]" started-at="2022-07-03T18:59:03 EET" name="DeleteAllTest" finished-at="2022-07-03T18:59:03 EET" duration-ms="513" status="PASS">
          <reporter-output>
          </reporter-output>
        </test-method> <!-- DeleteAllTest -->
        <test-method signature="VerifyAddingNewItemTest()[pri:0, instance:WK_ToDoChallenge.WK_ToDoChallenge.VerifyPostiveTests@4ee33af7]" started-at="2022-07-03T18:59:03 EET" name="VerifyAddingNewItemTest" finished-at="2022-07-03T18:59:03 EET" duration-ms="250" status="PASS">
          <reporter-output>
          </reporter-output>
        </test-method> <!-- VerifyAddingNewItemTest -->
        <test-method signature="VerifyRemovingNewItemTest()[pri:0, instance:WK_ToDoChallenge.WK_ToDoChallenge.VerifyPostiveTests@4ee33af7]" started-at="2022-07-03T18:59:03 EET" name="VerifyRemovingNewItemTest" finished-at="2022-07-03T18:59:04 EET" duration-ms="412" status="PASS">
          <reporter-output>
          </reporter-output>
        </test-method> <!-- VerifyRemovingNewItemTest -->
        <test-method signature="VerifyThatItemsCountIncreaseTest()[pri:0, instance:WK_ToDoChallenge.WK_ToDoChallenge.VerifyPostiveTests@4ee33af7]" started-at="2022-07-03T18:59:04 EET" name="VerifyThatItemsCountIncreaseTest" finished-at="2022-07-03T18:59:04 EET" duration-ms="505" status="PASS">
          <reporter-output>
          </reporter-output>
        </test-method> <!-- VerifyThatItemsCountIncreaseTest -->
        <test-method is-config="true" signature="afterTest()[pri:0, instance:WK_ToDoChallenge.WK_ToDoChallenge.VerifyPostiveTests@4ee33af7]" started-at="2022-07-03T18:59:06 EET" name="afterTest" finished-at="2022-07-03T18:59:06 EET" duration-ms="191" status="PASS">
          <reporter-output>
          </reporter-output>
        </test-method> <!-- afterTest -->
      </class> <!-- WK_ToDoChallenge.WK_ToDoChallenge.VerifyPostiveTests -->
      <class name="WK_ToDoChallenge.WK_ToDoChallenge.VerifyNegativeTests">
        <test-method is-config="true" signature="beforeTest()[pri:0, instance:WK_ToDoChallenge.WK_ToDoChallenge.VerifyNegativeTests@3fbfa96]" started-at="2022-07-03T18:59:03 EET" name="beforeTest" finished-at="2022-07-03T18:59:03 EET" duration-ms="27" status="PASS">
          <reporter-output>
          </reporter-output>
        </test-method> <!-- beforeTest -->
        <test-method signature="VerifyAddingEmptyItemNotAllowedTest()[pri:0, instance:WK_ToDoChallenge.WK_ToDoChallenge.VerifyNegativeTests@3fbfa96]" started-at="2022-07-03T18:59:04 EET" name="VerifyAddingEmptyItemNotAllowedTest" finished-at="2022-07-03T18:59:05 EET" duration-ms="111" status="PASS">
          <reporter-output>
          </reporter-output>
        </test-method> <!-- VerifyAddingEmptyItemNotAllowedTest -->
        <test-method signature="VerifyAddingSpacesOnlyItemNotAllowedTest()[pri:0, instance:WK_ToDoChallenge.WK_ToDoChallenge.VerifyNegativeTests@3fbfa96]" started-at="2022-07-03T18:59:05 EET" name="VerifyAddingSpacesOnlyItemNotAllowedTest" finished-at="2022-07-03T18:59:05 EET" duration-ms="134" status="PASS">
          <reporter-output>
          </reporter-output>
        </test-method> <!-- VerifyAddingSpacesOnlyItemNotAllowedTest -->
        <test-method signature="VerifyEditingAlreadyExisitingItemWithSpacesTest()[pri:0, instance:WK_ToDoChallenge.WK_ToDoChallenge.VerifyNegativeTests@3fbfa96]" started-at="2022-07-03T18:59:05 EET" name="VerifyEditingAlreadyExisitingItemWithSpacesTest" finished-at="2022-07-03T18:59:05 EET" duration-ms="785" status="PASS">
          <reporter-output>
          </reporter-output>
        </test-method> <!-- VerifyEditingAlreadyExisitingItemWithSpacesTest -->
        <test-method signature="VerifyTrimExtraSpacesTest()[pri:0, instance:WK_ToDoChallenge.WK_ToDoChallenge.VerifyNegativeTests@3fbfa96]" started-at="2022-07-03T18:59:05 EET" name="VerifyTrimExtraSpacesTest" finished-at="2022-07-03T18:59:06 EET" duration-ms="211" status="PASS">
          <reporter-output>
          </reporter-output>
        </test-method> <!-- VerifyTrimExtraSpacesTest -->
        <test-method is-config="true" signature="afterTest()[pri:0, instance:WK_ToDoChallenge.WK_ToDoChallenge.VerifyNegativeTests@3fbfa96]" started-at="2022-07-03T18:59:06 EET" name="afterTest" finished-at="2022-07-03T18:59:06 EET" duration-ms="187" status="PASS">
          <reporter-output>
          </reporter-output>
        </test-method> <!-- afterTest -->
      </class> <!-- WK_ToDoChallenge.WK_ToDoChallenge.VerifyNegativeTests -->
    </test> <!-- Default test -->
  </suite> <!-- Default suite -->
</testng-results>
