<?xml version="1.0" encoding="UTF-8"?>
<!-- Generated by org.testng.reporters.JUnitXMLReporter -->
<testsuite ignored="0" hostname="LAPTOP-0NBL84CE" failures="0" tests="8" name="Default test" time="3.397" errors="0" timestamp="2022-07-03T18:59:06 EET">
  <testcase classname="WK_ToDoChallenge.WK_ToDoChallenge.VerifyPostiveTests" name="DeleteAllTest" time="0.513"/>
  <testcase classname="WK_ToDoChallenge.WK_ToDoChallenge.VerifyPostiveTests" name="VerifyAddingNewItemTest" time="0.25"/>
  <testcase classname="WK_ToDoChallenge.WK_ToDoChallenge.VerifyPostiveTests" name="VerifyRemovingNewItemTest" time="0.412"/>
  <testcase classname="WK_ToDoChallenge.WK_ToDoChallenge.VerifyPostiveTests" name="VerifyThatItemsCountIncreaseTest" time="0.505"/>
  <testcase classname="WK_ToDoChallenge.WK_ToDoChallenge.VerifyNegativeTests" name="VerifyAddingEmptyItemNotAllowedTest" time="0.111"/>
  <testcase classname="WK_ToDoChallenge.WK_ToDoChallenge.VerifyNegativeTests" name="VerifyAddingSpacesOnlyItemNotAllowedTest" time="0.134"/>
  <testcase classname="WK_ToDoChallenge.WK_ToDoChallenge.VerifyNegativeTests" name="VerifyEditingAlreadyExisitingItemWithSpacesTest" time="0.785"/>
  <testcase classname="WK_ToDoChallenge.WK_ToDoChallenge.VerifyNegativeTests" name="VerifyTrimExtraSpacesTest" time="0.211"/>
</testsuite> <!-- Default test -->
