<?xml version="1.0" encoding="UTF-8"?>
<!-- Generated by org.testng.reporters.JUnitXMLReporter -->
<testsuite ignored="0" hostname="LAPTOP-0NBL84CE" failures="0" tests="4" name="Default test" time="1.508" errors="0" timestamp="2022-07-03T18:36:44 EET">
  <testcase classname="WK_ToDoChallenge.WK_ToDoChallenge.VerifyNegativeTests" name="VerifyAddingEmptyItemNotAllowedTest" time="0.169"/>
  <testcase classname="WK_ToDoChallenge.WK_ToDoChallenge.VerifyNegativeTests" name="VerifyAddingSpacesOnlyItemNotAllowedTest" time="0.117"/>
  <testcase classname="WK_ToDoChallenge.WK_ToDoChallenge.VerifyNegativeTests" name="VerifyEditingAlreadyExisitingItemWithSpacesTest" time="0.735"/>
  <testcase classname="WK_ToDoChallenge.WK_ToDoChallenge.VerifyNegativeTests" name="VerifyTrimExtraSpacesTest" time="0.246"/>
</testsuite> <!-- Default test -->
